<?xml version="1.0" encoding="UTF-8"?>
<testng-results ignored="0" total="1" passed="0" failed="0" skipped="1">
  <reporter-output>
  </reporter-output>
  <suite started-at="2021-10-30T21:43:33 IST" name="Default suite" finished-at="2021-10-30T21:43:33 IST" duration-ms="47">
    <groups>
    </groups>
    <test started-at="2021-10-30T21:43:33 IST" name="Default test" finished-at="2021-10-30T21:43:33 IST" duration-ms="47">
      <class name="SDET21_EndToEndRMGY.CreateProjectandVerifyInDataBase">
        <test-method is-config="true" signature="bsConfig()[pri:0, instance:SDET21_EndToEndRMGY.CreateProjectandVerifyInDataBase@6221a451]" started-at="2021-10-30T21:43:33 IST" name="bsConfig" finished-at="2021-10-30T21:43:33 IST" duration-ms="11" status="FAIL">
          <exception class="java.lang.NullPointerException">
            <full-stacktrace>
              <![CDATA[java.lang.NullPointerException
at java.sql/java.sql.DriverManager.registerDriver(DriverManager.java:344)
at java.sql/java.sql.DriverManager.registerDriver(DriverManager.java:317)
at SDET21.Genericutils.DatabaseUtility.connecttoDB(DatabaseUtility.java:16)
at SDET21.Genericutils.BaseApiClass.bsConfig(BaseApiClass.java:16)
at java.base/jdk.internal.reflect.NativeMethodAccessorImpl.invoke0(Native Method)
at java.base/jdk.internal.reflect.NativeMethodAccessorImpl.invoke(NativeMethodAccessorImpl.java:78)
at java.base/jdk.internal.reflect.DelegatingMethodAccessorImpl.invoke(DelegatingMethodAccessorImpl.java:43)
at java.base/java.lang.reflect.Method.invoke(Method.java:567)
at org.testng.internal.MethodInvocationHelper.invokeMethod(MethodInvocationHelper.java:133)
at org.testng.internal.MethodInvocationHelper.invokeMethodConsideringTimeout(MethodInvocationHelper.java:62)
at org.testng.internal.ConfigInvoker.invokeConfigurationMethod(ConfigInvoker.java:385)
at org.testng.internal.ConfigInvoker.invokeConfigurations(ConfigInvoker.java:321)
at org.testng.SuiteRunner.privateRun(SuiteRunner.java:317)
at org.testng.SuiteRunner.run(SuiteRunner.java:276)
at org.testng.SuiteRunnerWorker.runSuite(SuiteRunnerWorker.java:53)
at org.testng.SuiteRunnerWorker.run(SuiteRunnerWorker.java:96)
at org.testng.TestNG.runSuitesSequentially(TestNG.java:1212)
at org.testng.TestNG.runSuitesLocally(TestNG.java:1134)
at org.testng.TestNG.runSuites(TestNG.java:1063)
at org.testng.TestNG.run(TestNG.java:1031)
at org.testng.remote.AbstractRemoteTestNG.run(AbstractRemoteTestNG.java:115)
at org.testng.remote.RemoteTestNG.initAndRun(RemoteTestNG.java:251)
at org.testng.remote.RemoteTestNG.main(RemoteTestNG.java:77)
]]>
            </full-stacktrace>
          </exception> <!-- java.lang.NullPointerException -->
          <reporter-output>
          </reporter-output>
        </test-method> <!-- bsConfig -->
        <test-method signature="createProjectAndVerifyInDB()[pri:0, instance:SDET21_EndToEndRMGY.CreateProjectandVerifyInDataBase@6221a451]" started-at="2021-10-30T21:43:33 IST" name="createProjectAndVerifyInDB" finished-at="2021-10-30T21:43:33 IST" duration-ms="0" status="SKIP">
          <exception class="java.lang.NullPointerException">
            <full-stacktrace>
              <![CDATA[java.lang.NullPointerException
at java.sql/java.sql.DriverManager.registerDriver(DriverManager.java:344)
at java.sql/java.sql.DriverManager.registerDriver(DriverManager.java:317)
at SDET21.Genericutils.DatabaseUtility.connecttoDB(DatabaseUtility.java:16)
at SDET21.Genericutils.BaseApiClass.bsConfig(BaseApiClass.java:16)
at java.base/jdk.internal.reflect.NativeMethodAccessorImpl.invoke0(Native Method)
at java.base/jdk.internal.reflect.NativeMethodAccessorImpl.invoke(NativeMethodAccessorImpl.java:78)
at java.base/jdk.internal.reflect.DelegatingMethodAccessorImpl.invoke(DelegatingMethodAccessorImpl.java:43)
at java.base/java.lang.reflect.Method.invoke(Method.java:567)
at org.testng.internal.MethodInvocationHelper.invokeMethod(MethodInvocationHelper.java:133)
at org.testng.internal.MethodInvocationHelper.invokeMethodConsideringTimeout(MethodInvocationHelper.java:62)
at org.testng.internal.ConfigInvoker.invokeConfigurationMethod(ConfigInvoker.java:385)
at org.testng.internal.ConfigInvoker.invokeConfigurations(ConfigInvoker.java:321)
at org.testng.SuiteRunner.privateRun(SuiteRunner.java:317)
at org.testng.SuiteRunner.run(SuiteRunner.java:276)
at org.testng.SuiteRunnerWorker.runSuite(SuiteRunnerWorker.java:53)
at org.testng.SuiteRunnerWorker.run(SuiteRunnerWorker.java:96)
at org.testng.TestNG.runSuitesSequentially(TestNG.java:1212)
at org.testng.TestNG.runSuitesLocally(TestNG.java:1134)
at org.testng.TestNG.runSuites(TestNG.java:1063)
at org.testng.TestNG.run(TestNG.java:1031)
at org.testng.remote.AbstractRemoteTestNG.run(AbstractRemoteTestNG.java:115)
at org.testng.remote.RemoteTestNG.initAndRun(RemoteTestNG.java:251)
at org.testng.remote.RemoteTestNG.main(RemoteTestNG.java:77)
]]>
            </full-stacktrace>
          </exception> <!-- java.lang.NullPointerException -->
          <reporter-output>
          </reporter-output>
        </test-method> <!-- createProjectAndVerifyInDB -->
        <test-method is-config="true" signature="asConfig()[pri:0, instance:SDET21_EndToEndRMGY.CreateProjectandVerifyInDataBase@6221a451]" started-at="2021-10-30T21:43:33 IST" name="asConfig" finished-at="1970-01-01T05:30:00 IST" duration-ms="-1635610413969" status="SKIP">
          <reporter-output>
          </reporter-output>
        </test-method> <!-- asConfig -->
      </class> <!-- SDET21_EndToEndRMGY.CreateProjectandVerifyInDataBase -->
    </test> <!-- Default test -->
  </suite> <!-- Default suite -->
</testng-results>
